<?xml version="1.0" encoding="UTF-8"?>
<testng-results ignored="0" total="4" passed="4" failed="0" skipped="0">
  <reporter-output>
    <line>
      <![CDATA[enterSign]]>
    </line>
    <line>
      <![CDATA[enterCtEmail]]>
    </line>
    <line>
      <![CDATA[enterCreate]]>
    </line>
    <line>
      <![CDATA[entergender]]>
    </line>
    <line>
      <![CDATA[enterFirstname]]>
    </line>
    <line>
      <![CDATA[enterlastname]]>
    </line>
    <line>
      <![CDATA[enterpassword]]>
    </line>
    <line>
      <![CDATA[enterAddress]]>
    </line>
    <line>
      <![CDATA[enterCity]]>
    </line>
    <line>
      <![CDATA[enterstate]]>
    </line>
    <line>
      <![CDATA[enterCountry]]>
    </line>
    <line>
      <![CDATA[enterpincode]]>
    </line>
    <line>
      <![CDATA[enterphone]]>
    </line>
    <line>
      <![CDATA[enterrefaddress]]>
    </line>
    <line>
      <![CDATA[entersubmit]]>
    </line>
    <line>
      <![CDATA[signout]]>
    </line>
    <line>
      <![CDATA[enterSign]]>
    </line>
    <line>
      <![CDATA[enterusername]]>
    </line>
    <line>
      <![CDATA[enterpass]]>
    </line>
    <line>
      <![CDATA[entersub]]>
    </line>
    <line>
      <![CDATA[searchtheproduct]]>
    </line>
    <line>
      <![CDATA[clickonbutton]]>
    </line>
    <line>
      <![CDATA[clickonitem]]>
    </line>
    <line>
      <![CDATA[selectsize]]>
    </line>
    <line>
      <![CDATA[selectcolour]]>
    </line>
    <line>
      <![CDATA[addtocart]]>
    </line>
    <line>
      <![CDATA[proceedtocart]]>
    </line>
    <line>
      <![CDATA[proceedtoclick]]>
    </line>
    <line>
      <![CDATA[proceedtocheckout]]>
    </line>
    <line>
      <![CDATA[agree]]>
    </line>
    <line>
      <![CDATA[proceed_to_checkout]]>
    </line>
    <line>
      <![CDATA[enterpayment]]>
    </line>
    <line>
      <![CDATA[submitpayment]]>
    </line>
    <line>
      <![CDATA[signout]]>
    </line>
  </reporter-output>
  <suite started-at="2020-04-12T02:21:03 IST" name="Suite" finished-at="2020-04-12T02:22:24 IST" duration-ms="80818">
    <groups>
    </groups>
    <test started-at="2020-04-12T02:21:03 IST" name="Test1" finished-at="2020-04-12T02:22:24 IST" duration-ms="80818">
      <class name="pages.testngpriorities">
        <test-method is-config="true" signature="initDriver()[pri:0, instance:pages.testngpriorities@24313fcc]" started-at="2020-04-12T02:21:03 IST" name="initDriver" finished-at="2020-04-12T02:21:03 IST" duration-ms="16" status="PASS">
          <reporter-output>
          </reporter-output>
        </test-method> <!-- initDriver -->
        <test-method signature="OpenBrowser()[pri:0, instance:pages.testngpriorities@24313fcc]" started-at="2020-04-12T02:21:03 IST" name="OpenBrowser" finished-at="2020-04-12T02:21:24 IST" duration-ms="21071" status="PASS">
          <reporter-output>
          </reporter-output>
        </test-method> <!-- OpenBrowser -->
        <test-method signature="registerpage()[pri:0, instance:pages.testngpriorities@24313fcc]" started-at="2020-04-12T02:21:24 IST" name="registerpage" finished-at="2020-04-12T02:21:50 IST" depends-on-methods="pages.testngpriorities.OpenBrowser" duration-ms="25661" status="PASS">
          <reporter-output>
            <line>
              <![CDATA[enterSign]]>
            </line>
            <line>
              <![CDATA[enterCtEmail]]>
            </line>
            <line>
              <![CDATA[enterCreate]]>
            </line>
            <line>
              <![CDATA[entergender]]>
            </line>
            <line>
              <![CDATA[enterFirstname]]>
            </line>
            <line>
              <![CDATA[enterlastname]]>
            </line>
            <line>
              <![CDATA[enterpassword]]>
            </line>
            <line>
              <![CDATA[enterAddress]]>
            </line>
            <line>
              <![CDATA[enterCity]]>
            </line>
            <line>
              <![CDATA[enterstate]]>
            </line>
            <line>
              <![CDATA[enterCountry]]>
            </line>
            <line>
              <![CDATA[enterpincode]]>
            </line>
            <line>
              <![CDATA[enterphone]]>
            </line>
            <line>
              <![CDATA[enterrefaddress]]>
            </line>
            <line>
              <![CDATA[entersubmit]]>
            </line>
            <line>
              <![CDATA[signout]]>
            </line>
          </reporter-output>
        </test-method> <!-- registerpage -->
        <test-method signature="loginpage()[pri:0, instance:pages.testngpriorities@24313fcc]" started-at="2020-04-12T02:21:50 IST" name="loginpage" finished-at="2020-04-12T02:21:57 IST" depends-on-methods="pages.testngpriorities.registerpage" duration-ms="7366" status="PASS">
          <reporter-output>
            <line>
              <![CDATA[enterSign]]>
            </line>
            <line>
              <![CDATA[enterusername]]>
            </line>
            <line>
              <![CDATA[enterpass]]>
            </line>
            <line>
              <![CDATA[entersub]]>
            </line>
          </reporter-output>
        </test-method> <!-- loginpage -->
        <test-method signature="productsearch()[pri:0, instance:pages.testngpriorities@24313fcc]" started-at="2020-04-12T02:21:57 IST" name="productsearch" finished-at="2020-04-12T02:22:24 IST" depends-on-methods="pages.testngpriorities.loginpage" duration-ms="26655" status="PASS">
          <reporter-output>
            <line>
              <![CDATA[searchtheproduct]]>
            </line>
            <line>
              <![CDATA[clickonbutton]]>
            </line>
            <line>
              <![CDATA[clickonitem]]>
            </line>
            <line>
              <![CDATA[selectsize]]>
            </line>
            <line>
              <![CDATA[selectcolour]]>
            </line>
            <line>
              <![CDATA[addtocart]]>
            </line>
            <line>
              <![CDATA[proceedtocart]]>
            </line>
            <line>
              <![CDATA[proceedtoclick]]>
            </line>
            <line>
              <![CDATA[proceedtocheckout]]>
            </line>
            <line>
              <![CDATA[agree]]>
            </line>
            <line>
              <![CDATA[proceed_to_checkout]]>
            </line>
            <line>
              <![CDATA[enterpayment]]>
            </line>
            <line>
              <![CDATA[submitpayment]]>
            </line>
            <line>
              <![CDATA[signout]]>
            </line>
          </reporter-output>
        </test-method> <!-- productsearch -->
      </class> <!-- pages.testngpriorities -->
    </test> <!-- Test1 -->
  </suite> <!-- Suite -->
</testng-results>
