<?xml version="1.0" encoding="UTF-8"?>
<!-- Generated by org.testng.reporters.JUnitXMLReporter -->
<testsuite ignored="0" hostname="LAPTOP-HV2OE79F" failures="0" tests="4" name="Test1" time="80.818" errors="0" timestamp="2020-04-12T02:22:24 IST">
  <testcase classname="pages.testngpriorities" name="OpenBrowser" time="21.071"/>
  <testcase classname="pages.testngpriorities" name="registerpage" time="25.661"/>
  <testcase classname="pages.testngpriorities" name="loginpage" time="7.366"/>
  <testcase classname="pages.testngpriorities" name="productsearch" time="26.655"/>
</testsuite> <!-- Test1 -->
